<?xml version="1.0" encoding="UTF-8"?>
<!-- Generated by org.testng.reporters.JUnitReportReporter -->
<testsuite hostname="LAPTOP-5KMFOFH9" failures="0" tests="2" name="com.TestNGFramework.ParallelTest.ClassA" time="8.923" errors="0" timestamp="2024-10-19T21:41:10 IST" skipped="0">
  <testcase classname="com.TestNGFramework.ParallelTest.ClassA" name="chromeTest" time="3.726"/>
  <system-out/>
  <testcase classname="com.TestNGFramework.ParallelTest.ClassA" name="EdgeTest" time="5.197"/>
  <system-out/>
</testsuite> <!-- com.TestNGFramework.ParallelTest.ClassA -->
