<?xml version="1.0" encoding="UTF-8"?>
<!-- Generated by org.testng.reporters.JUnitReportReporter -->
<testsuite hostname="LAPTOP-5KMFOFH9" failures="0" tests="1" name="com.WebElementHandling.RedBusCalendarTest" time="5.835" errors="0" timestamp="2024-09-29T21:55:17 IST" skipped="0">
  <testcase classname="com.WebElementHandling.RedBusCalendarTest" name="testCalendar" time="5.835"/>
  <system-out/>
</testsuite> <!-- com.WebElementHandling.RedBusCalendarTest -->
