<?xml version="1.0" encoding="UTF-8"?>
<!-- Generated by org.testng.reporters.JUnitReportReporter -->
<testsuite hostname="LAPTOP-5KMFOFH9" failures="0" tests="1" name="com.MouseInteraction.ResizeAction" time="3.967" errors="0" timestamp="2024-10-06T19:35:18 IST" skipped="0">
  <testcase classname="com.MouseInteraction.ResizeAction" name="testResize" time="3.967"/>
  <system-out/>
</testsuite> <!-- com.MouseInteraction.ResizeAction -->
