<?xml version="1.0" encoding="UTF-8"?>
<!-- Generated by org.testng.reporters.JUnitReportReporter -->
<testsuite hostname="LAPTOP-5KMFOFH9" failures="0" tests="1" name="com.WaitsInSelenium.ExplicitWaitUsingWebDriverWaitDemo2" time="5.928" errors="0" timestamp="2024-10-05T20:59:41 IST" skipped="0">
  <testcase classname="com.WaitsInSelenium.ExplicitWaitUsingWebDriverWaitDemo2" name="testExplicitWait" time="5.928"/>
  <system-out/>
</testsuite> <!-- com.WaitsInSelenium.ExplicitWaitUsingWebDriverWaitDemo2 -->
