<?xml version="1.0" encoding="UTF-8"?>
<!-- Generated by org.testng.reporters.JUnitReportReporter -->
<testsuite hostname="LAPTOP-5KMFOFH9" failures="0" tests="1" name="com.WebElementHandling.BasicAuthenticationHandling" time="5.214" errors="0" timestamp="2024-09-29T20:37:12 IST" skipped="0">
  <testcase classname="com.WebElementHandling.BasicAuthenticationHandling" name="testBasicAuthentication" time="5.214"/>
  <system-out/>
</testsuite> <!-- com.WebElementHandling.BasicAuthenticationHandling -->
