<?xml version="1.0" encoding="UTF-8"?>
<!-- Generated by org.testng.reporters.JUnitReportReporter -->
<testsuite hostname="LAPTOP-5KMFOFH9" failures="0" tests="1" name="com.Capabilities.TestInIncognitoBrowser" time="3.827" errors="0" timestamp="2024-10-06T19:51:18 IST" skipped="0">
  <testcase classname="com.Capabilities.TestInIncognitoBrowser" name="testBrowser" time="3.827"/>
  <system-out/>
</testsuite> <!-- com.Capabilities.TestInIncognitoBrowser -->
