<?xml version="1.0" encoding="UTF-8"?>
<!-- Generated by org.testng.reporters.JUnitReportReporter -->
<testsuite hostname="LAPTOP-5KMFOFH9" failures="0" tests="2" name="com.TestNGFramework.CRMAnnotationDemo_RealTimeUse" time="2.749" errors="0" timestamp="2024-10-06T21:59:42 IST" skipped="0">
  <testcase classname="com.TestNGFramework.CRMAnnotationDemo_RealTimeUse" name="testSignInLink" time="2.009"/>
  <system-out/>
  <testcase classname="com.TestNGFramework.CRMAnnotationDemo_RealTimeUse" name="testSignInFunctionality" time="0.740"/>
  <system-out/>
</testsuite> <!-- com.TestNGFramework.CRMAnnotationDemo_RealTimeUse -->
