<?xml version="1.0" encoding="UTF-8"?>
<!-- Generated by org.testng.reporters.JUnitReportReporter -->
<testsuite hostname="LAPTOP-5KMFOFH9" failures="0" tests="3" name="com.TestNGFramework.AnnotationsInTestNG" time="0.009" errors="0" timestamp="2024-10-06T21:48:51 IST" skipped="0">
  <testcase classname="com.TestNGFramework.AnnotationsInTestNG" name="registerTest" time="0.006"/>
  <system-out/>
  <testcase classname="com.TestNGFramework.AnnotationsInTestNG" name="loginTest" time="0.002"/>
  <system-out/>
  <testcase classname="com.TestNGFramework.AnnotationsInTestNG" name="searchTest" time="0.001"/>
  <system-out/>
</testsuite> <!-- com.TestNGFramework.AnnotationsInTestNG -->
