<?xml version="1.0" encoding="UTF-8"?>
<!-- Generated by org.testng.reporters.JUnitReportReporter -->
<testsuite hostname="LAPTOP-5KMFOFH9" failures="0" tests="1" name="com.TestNGFramework.TestDataFromExternalFile.TestDataFromXmlfile" time="0.013" errors="0" timestamp="2024-10-13T21:47:16 IST" skipped="0">
  <testcase classname="com.TestNGFramework.TestDataFromExternalFile.TestDataFromXmlfile" name="loginTest" time="0.013"/>
  <system-out/>
</testsuite> <!-- com.TestNGFramework.TestDataFromExternalFile.TestDataFromXmlfile -->
