<?xml version="1.0" encoding="UTF-8"?>
<!-- Generated by org.testng.reporters.JUnitReportReporter -->
<testsuite hostname="LAPTOP-5KMFOFH9" failures="0" tests="1" name="com.WebElementHandling.FrameHandlingDemo2_Nested" time="3.829" errors="0" timestamp="2024-09-29T21:27:20 IST" skipped="0">
  <testcase classname="com.WebElementHandling.FrameHandlingDemo2_Nested" name="testNestedFrame" time="3.829"/>
  <system-out/>
</testsuite> <!-- com.WebElementHandling.FrameHandlingDemo2_Nested -->
