<?xml version="1.0" encoding="UTF-8"?>
<!-- Generated by org.testng.reporters.JUnitReportReporter -->
<testsuite hostname="LAPTOP-5KMFOFH9" failures="0" tests="3" name="com.TestNGFramework.ParallelTest.CrossBrowserTest" time="19.251" errors="0" timestamp="2024-10-19T21:48:21 IST" skipped="0">
  <testcase classname="com.TestNGFramework.ParallelTest.CrossBrowserTest" name="testApp" time="4.460"/>
  <system-out/>
  <testcase classname="com.TestNGFramework.ParallelTest.CrossBrowserTest" name="testApp" time="6.448"/>
  <system-out/>
  <testcase classname="com.TestNGFramework.ParallelTest.CrossBrowserTest" name="testApp" time="8.343"/>
  <system-out/>
</testsuite> <!-- com.TestNGFramework.ParallelTest.CrossBrowserTest -->
