<?xml version="1.0" encoding="UTF-8"?>
<!-- Generated by org.testng.reporters.JUnitReportReporter -->
<testsuite hostname="LAPTOP-5KMFOFH9" failures="0" tests="1" name="com.SwagLabs.TestCases.CheOutPageTest" time="0.443" errors="0" timestamp="2024-10-19T19:53:41 IST" skipped="0">
  <testcase classname="com.SwagLabs.TestCases.CheOutPageTest" name="validateCheckOut" time="0.443"/>
  <system-out/>
</testsuite> <!-- com.SwagLabs.TestCases.CheOutPageTest -->
