<?xml version="1.0" encoding="UTF-8"?>
<!-- Generated by org.testng.reporters.JUnitReportReporter -->
<testsuite hostname="LAPTOP-5KMFOFH9" failures="0" tests="1" name="com.WebElementHandling.GoibiboCalendarAutomation" time="7.499" errors="0" timestamp="2024-09-29T22:05:40 IST" skipped="0">
  <testcase classname="com.WebElementHandling.GoibiboCalendarAutomation" name="testCalendar" time="7.499"/>
  <system-out/>
</testsuite> <!-- com.WebElementHandling.GoibiboCalendarAutomation -->
