<?xml version="1.0" encoding="UTF-8"?>
<!-- Generated by org.testng.reporters.JUnitReportReporter -->
<testsuite hostname="LAPTOP-5KMFOFH9" failures="0" tests="3" name="com.TestNGFramework.DataDrivenTest.DatadrivenTestDemo1" time="0.009" errors="0" timestamp="2024-10-19T20:09:24 IST" skipped="0">
  <testcase classname="com.TestNGFramework.DataDrivenTest.DatadrivenTestDemo1" name="testCase" time="0.007"/>
  <system-out/>
  <testcase classname="com.TestNGFramework.DataDrivenTest.DatadrivenTestDemo1" name="testCase" time="0.001"/>
  <system-out/>
  <testcase classname="com.TestNGFramework.DataDrivenTest.DatadrivenTestDemo1" name="testCase" time="0.001"/>
  <system-out/>
</testsuite> <!-- com.TestNGFramework.DataDrivenTest.DatadrivenTestDemo1 -->
