<?xml version="1.0" encoding="UTF-8"?>
<!-- Generated by org.testng.reporters.JUnitReportReporter -->
<testsuite hostname="LAPTOP-5KMFOFH9" failures="0" tests="1" name="com.TestNGFramework.TestDataFromExternalFile.HrmLoginUsingxml" time="8.606" errors="0" timestamp="2024-10-13T21:53:47 IST" skipped="0">
  <testcase classname="com.TestNGFramework.TestDataFromExternalFile.HrmLoginUsingxml" name="hrmLoginTest" time="8.606"/>
  <system-out/>
</testsuite> <!-- com.TestNGFramework.TestDataFromExternalFile.HrmLoginUsingxml -->
