<?xml version="1.0" encoding="UTF-8"?>
<!-- Generated by org.testng.reporters.JUnitReportReporter -->
<testsuite hostname="LAPTOP-5KMFOFH9" failures="0" tests="1" name="com.TestNGFramework.ParallelTest.ClassB" time="6.758" errors="0" timestamp="2024-10-19T21:41:10 IST" skipped="0">
  <testcase classname="com.TestNGFramework.ParallelTest.ClassB" name="firefoxTest" time="6.758"/>
  <system-out/>
</testsuite> <!-- com.TestNGFramework.ParallelTest.ClassB -->
