<?xml version="1.0" encoding="UTF-8"?>
<!-- Generated by org.testng.reporters.JUnitReportReporter -->
<testsuite hostname="LAPTOP-5KMFOFH9" failures="0" tests="1" name="com.WebElementHandling.AmazonSelectBasedDropdown" time="4.280" errors="0" timestamp="2024-09-28T22:02:13 IST" skipped="0">
  <testcase classname="com.WebElementHandling.AmazonSelectBasedDropdown" name="testDropDown" time="4.280"/>
  <system-out/>
</testsuite> <!-- com.WebElementHandling.AmazonSelectBasedDropdown -->
