<?xml version="1.0" encoding="UTF-8"?>
<!-- Generated by org.testng.reporters.JUnitReportReporter -->
<testsuite hostname="LAPTOP-5KMFOFH9" failures="0" tests="5" name="com.TestNGFramework.TestDemo3_DisableTest" time="0.005" errors="0" timestamp="2024-10-06T21:30:49 IST" skipped="1">
  <testcase classname="com.TestNGFramework.TestDemo3_DisableTest" name="interviewProcess" time="0.001"/>
  <system-out/>
  <testcase classname="com.TestNGFramework.TestDemo3_DisableTest" name="documentSubmissionProcess" time="0.001"/>
  <system-out/>
  <testcase classname="com.TestNGFramework.TestDemo3_DisableTest" name="OnboardingProcess" time="0.002"/>
  <system-out/>
  <testcase classname="com.TestNGFramework.TestDemo3_DisableTest" name="projectAssignProcess" time="0.001"/>
  <system-out/>
  <testcase classname="com.TestNGFramework.TestDemo3_DisableTest" name="kTProcess">
    <skipped/>
  </testcase> <!-- kTProcess -->
  <system-out/>
</testsuite> <!-- com.TestNGFramework.TestDemo3_DisableTest -->
