<?xml version="1.0" encoding="UTF-8"?>
<!-- Generated by org.testng.reporters.JUnitReportReporter -->
<testsuite hostname="LAPTOP-5KMFOFH9" failures="0" tests="1" name="com.WebElementHandling.FrameHandlingDemo1" time="6.579" errors="0" timestamp="2024-09-29T21:16:12 IST" skipped="0">
  <testcase classname="com.WebElementHandling.FrameHandlingDemo1" name="testFrame" time="6.579"/>
  <system-out/>
</testsuite> <!-- com.WebElementHandling.FrameHandlingDemo1 -->
