<?xml version="1.0" encoding="UTF-8"?>
<!-- Generated by org.testng.reporters.JUnitReportReporter -->
<testsuite hostname="LAPTOP-5KMFOFH9" failures="0" tests="1" name="com.WebElementHandling.PaginationWebTableHandling" time="9.230" errors="0" timestamp="2024-10-05T20:09:23 IST" skipped="0">
  <testcase classname="com.WebElementHandling.PaginationWebTableHandling" name="testDynamicTable" time="9.230"/>
  <system-out/>
</testsuite> <!-- com.WebElementHandling.PaginationWebTableHandling -->
