<?xml version="1.0" encoding="UTF-8"?>
<!-- Generated by org.testng.reporters.JUnitReportReporter -->
<testsuite hostname="LAPTOP-5KMFOFH9" failures="0" tests="1" name="com.WebElementHandling.AlertHandlingDemo2_Types" time="9.829" errors="0" timestamp="2024-09-29T20:30:12 IST" skipped="0">
  <testcase classname="com.WebElementHandling.AlertHandlingDemo2_Types" name="testAlerts" time="9.829"/>
  <system-out/>
</testsuite> <!-- com.WebElementHandling.AlertHandlingDemo2_Types -->
