<?xml version="1.0" encoding="UTF-8"?>
<!-- Generated by org.testng.reporters.JUnitReportReporter -->
<testsuite hostname="LAPTOP-5KMFOFH9" failures="0" tests="1" name="com.TestNGFramework.DataDrivenTest.GetTheScreenshot" time="6.260" errors="0" timestamp="2024-10-19T21:28:22 IST" skipped="0">
  <testcase classname="com.TestNGFramework.DataDrivenTest.GetTheScreenshot" name="takeScreenshot" time="6.260"/>
  <system-out/>
</testsuite> <!-- com.TestNGFramework.DataDrivenTest.GetTheScreenshot -->
