<?xml version="1.0" encoding="UTF-8"?>
<!-- Generated by org.testng.reporters.JUnitReportReporter -->
<testsuite hostname="LAPTOP-5KMFOFH9" failures="0" tests="3" name="com.TestNGFramework.PageObjectUsingByLocator.LoginPageTest" time="2.459" errors="0" timestamp="2024-10-13T19:48:21 IST" skipped="0">
  <testcase classname="com.TestNGFramework.PageObjectUsingByLocator.LoginPageTest" name="validateUrl" time="0.019"/>
  <system-out/>
  <testcase classname="com.TestNGFramework.PageObjectUsingByLocator.LoginPageTest" name="validateTitle" time="0.013"/>
  <system-out/>
  <testcase classname="com.TestNGFramework.PageObjectUsingByLocator.LoginPageTest" name="validateLogin" time="2.427"/>
  <system-out/>
</testsuite> <!-- com.TestNGFramework.PageObjectUsingByLocator.LoginPageTest -->
