<?xml version="1.0" encoding="UTF-8"?>
<!-- Generated by org.testng.reporters.JUnitReportReporter -->
<testsuite hostname="LAPTOP-5KMFOFH9" failures="0" tests="1" name="com.MouseInteraction.MouseOverAction" time="8.588" errors="0" timestamp="2024-10-06T19:12:39 IST" skipped="0">
  <testcase classname="com.MouseInteraction.MouseOverAction" name="testMouseOver" time="8.588"/>
  <system-out/>
</testsuite> <!-- com.MouseInteraction.MouseOverAction -->
