<?xml version="1.0" encoding="UTF-8"?>
<!-- Generated by org.testng.reporters.JUnitReportReporter -->
<testsuite hostname="LAPTOP-5KMFOFH9" failures="0" tests="1" name="com.MouseInteraction.FileUploadUsingSendKeys" time="5.475" errors="0" timestamp="2024-10-06T19:24:06 IST" skipped="0">
  <testcase classname="com.MouseInteraction.FileUploadUsingSendKeys" name="testFileUpload" time="5.475"/>
  <system-out/>
</testsuite> <!-- com.MouseInteraction.FileUploadUsingSendKeys -->
