<?xml version="1.0" encoding="UTF-8"?>
<!-- Generated by org.testng.reporters.JUnitReportReporter -->
<testsuite hostname="LAPTOP-5KMFOFH9" failures="0" tests="1" name="com.TestNGFramework.TestDataFromExternalFile.HrmLoginWithPropertiesFile" time="8.097" errors="0" timestamp="2024-10-13T22:13:27 IST" skipped="0">
  <testcase classname="com.TestNGFramework.TestDataFromExternalFile.HrmLoginWithPropertiesFile" name="hrmLogin" time="8.097"/>
  <system-out/>
</testsuite> <!-- com.TestNGFramework.TestDataFromExternalFile.HrmLoginWithPropertiesFile -->
