<?xml version="1.0" encoding="UTF-8"?>
<!-- Generated by org.testng.reporters.JUnitReportReporter -->
<testsuite hostname="LAPTOP-5KMFOFH9" failures="0" tests="1" name="com.WaitsInSelenium.ExplicitWaitUsingFluentWait" time="10.321" errors="0" timestamp="2024-10-05T21:20:02 IST" skipped="0">
  <testcase classname="com.WaitsInSelenium.ExplicitWaitUsingFluentWait" name="testExplicitWait" time="10.321"/>
  <system-out/>
</testsuite> <!-- com.WaitsInSelenium.ExplicitWaitUsingFluentWait -->
