<?xml version="1.0" encoding="UTF-8"?>
<!-- Generated by org.testng.reporters.JUnitReportReporter -->
<testsuite hostname="LAPTOP-5KMFOFH9" failures="0" tests="1" name="com.TestNGFramework.DataDrivenTest.ExcelDataReading" time="0.890" errors="0" timestamp="2024-10-19T20:49:25 IST" skipped="0">
  <testcase classname="com.TestNGFramework.DataDrivenTest.ExcelDataReading" name="dataFromFileReading" time="0.890"/>
  <system-out/>
</testsuite> <!-- com.TestNGFramework.DataDrivenTest.ExcelDataReading -->
