<?xml version="1.0" encoding="UTF-8"?>
<!-- Generated by org.testng.reporters.JUnitReportReporter -->
<testsuite hostname="LAPTOP-5KMFOFH9" failures="0" tests="1" name="com.MouseInteraction.TootipTest" time="3.639" errors="0" timestamp="2024-10-06T19:41:34 IST" skipped="0">
  <testcase classname="com.MouseInteraction.TootipTest" name="testToolTip" time="3.639"/>
  <system-out/>
</testsuite> <!-- com.MouseInteraction.TootipTest -->
