<?xml version="1.0" encoding="UTF-8"?>
<!-- Generated by org.testng.reporters.JUnitReportReporter -->
<testsuite hostname="LAPTOP-5KMFOFH9" failures="0" tests="1" name="com.TestNGFramework.TestDataFromExternalFile.TestDataFromPeropertiesFile" time="0.012" errors="0" timestamp="2024-10-13T22:09:41 IST" skipped="0">
  <testcase classname="com.TestNGFramework.TestDataFromExternalFile.TestDataFromPeropertiesFile" name="testData" time="0.012"/>
  <system-out/>
</testsuite> <!-- com.TestNGFramework.TestDataFromExternalFile.TestDataFromPeropertiesFile -->
