<?xml version="1.0" encoding="UTF-8"?>
<!-- Generated by org.testng.reporters.JUnitReportReporter -->
<testsuite hostname="LAPTOP-5KMFOFH9" failures="0" tests="2" name="com.WebElementHandling.TestNGDemo" time="0.011" errors="0" timestamp="2024-09-28T21:12:19 IST" skipped="0">
  <testcase classname="com.WebElementHandling.TestNGDemo" name="testCase1" time="0.009"/>
  <system-out/>
  <testcase classname="com.WebElementHandling.TestNGDemo" name="testCase2" time="0.002"/>
  <system-out/>
</testsuite> <!-- com.WebElementHandling.TestNGDemo -->
