<?xml version="1.0" encoding="UTF-8"?>
<!-- Generated by org.testng.reporters.JUnitReportReporter -->
<testsuite hostname="LAPTOP-5KMFOFH9" failures="0" tests="1" name="com.WebElementHandling.AlertHandlingDemo1" time="3.601" errors="0" timestamp="2024-09-29T20:18:19 IST" skipped="0">
  <testcase classname="com.WebElementHandling.AlertHandlingDemo1" name="testAlert" time="3.601"/>
  <system-out/>
</testsuite> <!-- com.WebElementHandling.AlertHandlingDemo1 -->
