<?xml version="1.0" encoding="UTF-8"?>
<!-- Generated by org.testng.reporters.JUnitReportReporter -->
<testsuite hostname="LAPTOP-5KMFOFH9" failures="0" tests="1" name="com.WebElementHandling.FacebookDropdownAutomation" time="4.539" errors="0" timestamp="2024-09-28T22:00:11 IST" skipped="0">
  <testcase classname="com.WebElementHandling.FacebookDropdownAutomation" name="testDropdown" time="4.539"/>
  <system-out/>
</testsuite> <!-- com.WebElementHandling.FacebookDropdownAutomation -->
