<?xml version="1.0" encoding="UTF-8"?>
<!-- Generated by org.testng.reporters.JUnitReportReporter -->
<testsuite hostname="LAPTOP-5KMFOFH9" failures="0" tests="3" name="com.TestNGFramework.PageObjectUsingPageFactory.OpenCartLoginPageTest" time="1.209" errors="0" timestamp="2024-10-13T20:15:54 IST" skipped="0">
  <testcase classname="com.TestNGFramework.PageObjectUsingPageFactory.OpenCartLoginPageTest" name="validateUrl" time="0.015"/>
  <system-out/>
  <testcase classname="com.TestNGFramework.PageObjectUsingPageFactory.OpenCartLoginPageTest" name="validateTitle" time="0.010"/>
  <system-out/>
  <testcase classname="com.TestNGFramework.PageObjectUsingPageFactory.OpenCartLoginPageTest" name="validateLogin" time="1.184"/>
  <system-out/>
</testsuite> <!-- com.TestNGFramework.PageObjectUsingPageFactory.OpenCartLoginPageTest -->
