<?xml version="1.0" encoding="UTF-8"?>
<!-- Generated by org.testng.reporters.JUnitReportReporter -->
<testsuite hostname="LAPTOP-5KMFOFH9" failures="0" tests="2" name="com.TestNGFramework.CRMAnnotationDemo_RealTimeUse" time="2.222" errors="0" timestamp="2024-10-13T19:17:20 IST" skipped="0">
  <testcase classname="com.TestNGFramework.CRMAnnotationDemo_RealTimeUse" name="testSignInLink" time="1.546"/>
  <system-out/>
  <testcase classname="com.TestNGFramework.CRMAnnotationDemo_RealTimeUse" name="testSignInFunctionality" time="0.676"/>
  <system-out/>
</testsuite> <!-- com.TestNGFramework.CRMAnnotationDemo_RealTimeUse -->
