<?xml version="1.0" encoding="UTF-8"?>
<!-- Generated by org.testng.reporters.JUnitReportReporter -->
<testsuite hostname="LAPTOP-5KMFOFH9" failures="0" tests="1" name="com.WaitsInSelenium.DefaultTimeOut" time="3.504" errors="0" timestamp="2024-10-05T20:24:27 IST" skipped="0">
  <testcase classname="com.WaitsInSelenium.DefaultTimeOut" name="testDefaultTimeOut" time="3.504"/>
  <system-out/>
</testsuite> <!-- com.WaitsInSelenium.DefaultTimeOut -->
