<?xml version="1.0" encoding="UTF-8"?>
<!-- Generated by org.testng.reporters.JUnitReportReporter -->
<testsuite hostname="LAPTOP-5KMFOFH9" failures="0" tests="1" name="com.WebElementHandling.StaticWebTableHandling" time="6.868" errors="0" timestamp="2024-10-05T19:44:21 IST" skipped="0">
  <testcase classname="com.WebElementHandling.StaticWebTableHandling" name="testTable" time="6.868"/>
  <system-out/>
</testsuite> <!-- com.WebElementHandling.StaticWebTableHandling -->
