<?xml version="1.0" encoding="UTF-8"?>
<!-- Generated by org.testng.reporters.JUnitReportReporter -->
<testsuite hostname="LAPTOP-5KMFOFH9" failures="0" tests="1" name="com.Capabilities.HeadlessTest" time="6.248" errors="0" timestamp="2024-10-06T20:00:53 IST" skipped="0">
  <testcase classname="com.Capabilities.HeadlessTest" name="testHeadless" time="6.248"/>
  <system-out/>
</testsuite> <!-- com.Capabilities.HeadlessTest -->
