<?xml version="1.0" encoding="UTF-8"?>
<!-- Generated by org.testng.reporters.JUnitReportReporter -->
<testsuite hostname="LAPTOP-5KMFOFH9" failures="0" tests="1" name="com.WebElementHandling.RedBusDropDown" time="4.284" errors="0" timestamp="2024-09-28T22:12:01 IST" skipped="0">
  <testcase classname="com.WebElementHandling.RedBusDropDown" name="testDropDown" time="4.284"/>
  <system-out/>
</testsuite> <!-- com.WebElementHandling.RedBusDropDown -->
