<?xml version="1.0" encoding="UTF-8"?>
<!-- Generated by org.testng.reporters.JUnitReportReporter -->
<testsuite hostname="LAPTOP-5KMFOFH9" failures="0" tests="2" name="com.TestNGFramework.TestDemo4_timeOutsArgument" time="9.322" errors="0" timestamp="2024-10-06T21:30:49 IST" skipped="0">
  <testcase classname="com.TestNGFramework.TestDemo4_timeOutsArgument" name="testCase2" time="3.001"/>
  <system-out/>
  <testcase classname="com.TestNGFramework.TestDemo4_timeOutsArgument" name="testCase1" time="6.321"/>
  <system-out/>
</testsuite> <!-- com.TestNGFramework.TestDemo4_timeOutsArgument -->
