<?xml version="1.0" encoding="UTF-8"?>
<!-- Generated by org.testng.reporters.JUnitReportReporter -->
<testsuite hostname="LAPTOP-5KMFOFH9" failures="0" tests="1" name="com.WaitsInSelenium.ExplicitWaitUsingWebDriverWaitDemo1" time="6.367" errors="0" timestamp="2024-10-05T20:47:49 IST" skipped="0">
  <testcase classname="com.WaitsInSelenium.ExplicitWaitUsingWebDriverWaitDemo1" name="testExplicitWait" time="6.367"/>
  <system-out/>
</testsuite> <!-- com.WaitsInSelenium.ExplicitWaitUsingWebDriverWaitDemo1 -->
