<?xml version="1.0" encoding="UTF-8"?>
<!-- Generated by org.testng.reporters.JUnitReportReporter -->
<testsuite hostname="LAPTOP-5KMFOFH9" failures="0" tests="4" name="com.TestNGFramework.GroupingScenario" time="0.008" errors="0" timestamp="2024-10-06T21:30:49 IST" skipped="0">
  <testcase classname="com.TestNGFramework.GroupingScenario" name="testSetupForBrowser" time="0.003"/>
  <system-out/>
  <testcase classname="com.TestNGFramework.GroupingScenario" name="testForApplicationLaunch" time="0.002"/>
  <system-out/>
  <testcase classname="com.TestNGFramework.GroupingScenario" name="testForLogin" time="0.002"/>
  <system-out/>
  <testcase classname="com.TestNGFramework.GroupingScenario" name="testForLogout" time="0.001"/>
  <system-out/>
</testsuite> <!-- com.TestNGFramework.GroupingScenario -->
