<?xml version="1.0" encoding="UTF-8"?>
<!-- Generated by org.testng.reporters.JUnitReportReporter -->
<testsuite hostname="LAPTOP-5KMFOFH9" failures="0" tests="1" name="com.MouseInteraction.RightclickAction" time="6.235" errors="0" timestamp="2024-10-19T21:31:27 IST" skipped="0">
  <testcase classname="com.MouseInteraction.RightclickAction" name="testRightclick" time="6.235"/>
  <system-out/>
</testsuite> <!-- com.MouseInteraction.RightclickAction -->
