<?xml version="1.0" encoding="UTF-8"?>
<!-- Generated by org.testng.reporters.JUnitReportReporter -->
<testsuite hostname="LAPTOP-5KMFOFH9" failures="0" tests="1" name="com.WebElementHandling.NewTab_Window" time="11.590" errors="0" timestamp="2024-09-29T20:04:33 IST" skipped="0">
  <testcase classname="com.WebElementHandling.NewTab_Window" name="testTab_Window" time="11.590"/>
  <system-out/>
</testsuite> <!-- com.WebElementHandling.NewTab_Window -->
