<?xml version="1.0" encoding="UTF-8"?>
<!-- Generated by org.testng.reporters.JUnitReportReporter -->
<testsuite hostname="LAPTOP-5KMFOFH9" failures="0" tests="1" name="com.MouseInteraction.DoubleClickAction" time="6.160" errors="0" timestamp="2024-10-05T22:07:09 IST" skipped="0">
  <testcase classname="com.MouseInteraction.DoubleClickAction" name="testRightclick" time="6.160"/>
  <system-out/>
</testsuite> <!-- com.MouseInteraction.DoubleClickAction -->
