<?xml version="1.0" encoding="UTF-8"?>
<!-- Generated by org.testng.reporters.JUnitReportReporter -->
<testsuite hostname="LAPTOP-5KMFOFH9" failures="0" tests="1" name="com.JavascriptExecutor.JavaScriptScroll" time="10.134" errors="0" timestamp="2024-10-05T21:40:28 IST" skipped="0">
  <testcase classname="com.JavascriptExecutor.JavaScriptScroll" name="testScroll" time="10.134"/>
  <system-out/>
</testsuite> <!-- com.JavascriptExecutor.JavaScriptScroll -->
