<?xml version="1.0" encoding="UTF-8"?>
<!-- Generated by org.testng.reporters.JUnitReportReporter -->
<testsuite hostname="LAPTOP-5KMFOFH9" failures="0" tests="1" name="com.MouseInteraction.DragandDropAction" time="4.495" errors="0" timestamp="2024-10-06T19:18:11 IST" skipped="0">
  <testcase classname="com.MouseInteraction.DragandDropAction" name="testDragandDrop" time="4.495"/>
  <system-out/>
</testsuite> <!-- com.MouseInteraction.DragandDropAction -->
