<?xml version="1.0" encoding="UTF-8"?>
<!-- Generated by org.testng.reporters.JUnitReportReporter -->
<testsuite hostname="LAPTOP-5KMFOFH9" failures="0" tests="1" name="com.WebElementHandling.GoibiboDropdownAutomation" time="4.997" errors="0" timestamp="2024-10-06T19:06:28 IST" skipped="0">
  <testcase classname="com.WebElementHandling.GoibiboDropdownAutomation" name="testDropDown" time="4.997"/>
  <system-out/>
</testsuite> <!-- com.WebElementHandling.GoibiboDropdownAutomation -->
