<?xml version="1.0" encoding="UTF-8"?>
<!-- Generated by org.testng.reporters.JUnitReportReporter -->
<testsuite hostname="LAPTOP-5KMFOFH9" failures="0" tests="1" name="com.Capabilities.FileDownloadAutomation" time="6.406" errors="0" timestamp="2024-10-06T20:06:41 IST" skipped="0">
  <testcase classname="com.Capabilities.FileDownloadAutomation" name="testDownload" time="6.406"/>
  <system-out/>
</testsuite> <!-- com.Capabilities.FileDownloadAutomation -->
